app/build/outputs/logs/manifest-merger-debug-report.txt
-- Merging decision tree log ---
manifest
ADDED from src\main\AndroidManifest.xml:2:1-178:12
	package
		ADDED from src\main\AndroidManifest.xml:3:5-33
		INJECTED from src\main\AndroidManifest.xml
		INJECTED from src\main\AndroidManifest.xml
	android:versionName
		ADDED from src\main\AndroidManifest.xml:5:5-30
		INJECTED from src\main\AndroidManifest.xml
		INJECTED from src\main\AndroidManifest.xml
	android:versionCode
		ADDED from src\main\AndroidManifest.xml:4:5-28
		INJECTED from src\main\AndroidManifest.xml
		INJECTED from src\main\AndroidManifest.xml
	xmlns:android
		ADDED from src\main\AndroidManifest.xml:2:11-69
uses-sdk
ADDED from src\main\AndroidManifest.xml:7:5-9:41
MERGED from [com.android.support:support-v4:22.2.1] AndroidManifest.xml:20:5-43
	android:targetSdkVersion
		ADDED from src\main\AndroidManifest.xml:9:9-38
		INJECTED from src\main\AndroidManifest.xml
		INJECTED from src\main\AndroidManifest.xml
	android:minSdkVersion
		ADDED from src\main\AndroidManifest.xml:8:9-35
		INJECTED from src\main\AndroidManifest.xml
		INJECTED from src\main\AndroidManifest.xml
uses-permission#android.permission.ACCESS_COARSE_LOCATION
ADDED from src\main\AndroidManifest.xml:11:5-12:23
	android:name
		ADDED from src\main\AndroidManifest.xml:11:22-78
uses-permission#android.permission.ACCESS_FINE_LOCATION
ADDED from src\main\AndroidManifest.xml:14:5-15:23
	android:name
		ADDED from src\main\AndroidManifest.xml:14:22-76
uses-permission#android.permission.ACCESS_WIFI_STATE
ADDED from src\main\AndroidManifest.xml:17:5-18:23
	android:name
		ADDED from src\main\AndroidManifest.xml:17:22-73
uses-permission#android.permission.ACCESS_NETWORK_STATE
ADDED from src\main\AndroidManifest.xml:20:5-21:23
	android:name
		ADDED from src\main\AndroidManifest.xml:20:22-76
uses-permission#android.permission.CHANGE_WIFI_STATE
ADDED from src\main\AndroidManifest.xml:23:5-24:23
	android:name
		ADDED from src\main\AndroidManifest.xml:23:22-73
uses-permission#android.permission.READ_PHONE_STATE
ADDED from src\main\AndroidManifest.xml:26:5-27:23
	android:name
		ADDED from src\main\AndroidManifest.xml:26:22-72
uses-permission#android.permission.WRITE_EXTERNAL_STORAGE
ADDED from src\main\AndroidManifest.xml:29:5-30:23
	android:name
		ADDED from src\main\AndroidManifest.xml:29:22-78
uses-permission#android.permission.INTERNET
ADDED from src\main\AndroidManifest.xml:32:5-67
	android:name
		ADDED from src\main\AndroidManifest.xml:32:22-64
uses-permission#android.permission.MOUNT_UNMOUNT_FILESYSTEMS
ADDED from src\main\AndroidManifest.xml:34:5-35:23
	android:name
		ADDED from src\main\AndroidManifest.xml:34:22-81
uses-permission#android.permission.READ_LOGS
ADDED from src\main\AndroidManifest.xml:37:5-38:23
	android:name
		ADDED from src\main\AndroidManifest.xml:37:22-65
uses-feature#android.hardware.camera
ADDED from src\main\AndroidManifest.xml:40:5-60
	android:name
		ADDED from src\main\AndroidManifest.xml:40:19-57
uses-feature#android.hardware.camera.autofocus
ADDED from src\main\AndroidManifest.xml:41:5-70
	android:name
		ADDED from src\main\AndroidManifest.xml:41:19-67
uses-permission#android.permission.VIBRATE
ADDED from src\main\AndroidManifest.xml:42:5-66
	android:name
		ADDED from src\main\AndroidManifest.xml:42:22-63
uses-permission#android.permission.CAMERA
ADDED from src\main\AndroidManifest.xml:44:5-65
	android:name
		ADDED from src\main\AndroidManifest.xml:44:22-62
uses-permission#android.permission.RECORD_AUDIO
ADDED from src\main\AndroidManifest.xml:45:5-71
	android:name
		ADDED from src\main\AndroidManifest.xml:45:22-68
uses-permission#android.permission.WAKE_LOCK
ADDED from src\main\AndroidManifest.xml:47:5-68
	android:name
		ADDED from src\main\AndroidManifest.xml:47:22-65
uses-permission#android.permission.WRITE_SETTINGS
ADDED from src\main\AndroidManifest.xml:48:5-73
	android:name
		ADDED from src\main\AndroidManifest.xml:48:22-70
application
ADDED from src\main\AndroidManifest.xml:50:5-177:19
MERGED from [com.android.support:support-v4:22.2.1] AndroidManifest.xml:22:5-20
	android:screenOrientation
		ADDED from src\main\AndroidManifest.xml:56:10-46
	android:label
		ADDED from src\main\AndroidManifest.xml:54:9-41
	android:allowBackup
		ADDED from src\main\AndroidManifest.xml:52:9-35
	android:icon
		ADDED from src\main\AndroidManifest.xml:53:9-44
	android:theme
		ADDED from src\main\AndroidManifest.xml:55:9-38
	android:name
		ADDED from src\main\AndroidManifest.xml:51:9-40
meta-data#com.baidu.lbsapi.API_KEY
ADDED from src\main\AndroidManifest.xml:57:9-59:64
	android:value
		ADDED from src\main\AndroidManifest.xml:59:13-61
	android:name
		ADDED from src\main\AndroidManifest.xml:58:13-52
activity#com.tc.activity.LoginActivity
ADDED from src\main\AndroidManifest.xml:61:9-69:20
	android:screenOrientation
		ADDED from src\main\AndroidManifest.xml:64:13-49
	android:label
		ADDED from src\main\AndroidManifest.xml:63:13-45
	android:name
		ADDED from src\main\AndroidManifest.xml:62:13-57
intent-filter#android.intent.action.MAIN+android.intent.category.LAUNCHER
ADDED from src\main\AndroidManifest.xml:65:13-68:29
action#android.intent.action.MAIN
ADDED from src\main\AndroidManifest.xml:66:17-69
	android:name
		ADDED from src\main\AndroidManifest.xml:66:25-66
category#android.intent.category.LAUNCHER
ADDED from src\main\AndroidManifest.xml:67:17-77
	android:name
		ADDED from src\main\AndroidManifest.xml:67:27-74
activity#com.tc.activity.MainTabActivity
ADDED from src\main\AndroidManifest.xml:71:9-73:20
	android:screenOrientation
		ADDED from src\main\AndroidManifest.xml:72:13-49
	android:name
		ADDED from src\main\AndroidManifest.xml:71:19-65
activity#com.tc.activity.item.PeopleQueryActivity
ADDED from src\main\AndroidManifest.xml:74:9-76:20
	android:screenOrientation
		ADDED from src\main\AndroidManifest.xml:75:13-49
	android:name
		ADDED from src\main\AndroidManifest.xml:74:19-74
activity#com.tc.activity.item.CarCheckActivity
ADDED from src\main\AndroidManifest.xml:77:9-79:20
	android:screenOrientation
		ADDED from src\main\AndroidManifest.xml:78:13-49
	android:name
		ADDED from src\main\AndroidManifest.xml:77:19-71
activity#com.tc.activity.item.MarkerMapActivity
ADDED from src\main\AndroidManifest.xml:81:9-83:20
	android:screenOrientation
		ADDED from src\main\AndroidManifest.xml:82:13-49
	android:name
		ADDED from src\main\AndroidManifest.xml:81:19-72
activity#com.tc.activity.item.RecorderVideoActivity
ADDED from src\main\AndroidManifest.xml:86:9-88:20
	android:screenOrientation
		ADDED from src\main\AndroidManifest.xml:87:13-49
	android:name
		ADDED from src\main\AndroidManifest.xml:86:19-76
activity#com.tc.activity.item.SenceNoteActivity
ADDED from src\main\AndroidManifest.xml:90:9-92:20
	android:screenOrientation
		ADDED from src\main\AndroidManifest.xml:91:13-49
	android:name
		ADDED from src\main\AndroidManifest.xml:90:19-72
activity#com.tc.activity.item.HandQueryActivity
ADDED from src\main\AndroidManifest.xml:94:9-96:20
	android:screenOrientation
		ADDED from src\main\AndroidManifest.xml:95:13-49
	android:name
		ADDED from src\main\AndroidManifest.xml:94:19-72
activity#com.tc.activity.item.FaceCheckNActivity
ADDED from src\main\AndroidManifest.xml:98:9-100:20
	android:screenOrientation
		ADDED from src\main\AndroidManifest.xml:99:13-49
	android:name
		ADDED from src\main\AndroidManifest.xml:98:19-73
activity#com.tc.activity.SenceExcute
ADDED from src\main\AndroidManifest.xml:101:9-103:20
	android:screenOrientation
		ADDED from src\main\AndroidManifest.xml:102:13-49
	android:name
		ADDED from src\main\AndroidManifest.xml:101:19-61
activity#com.tc.activity.item.LsJqInfoActivity
ADDED from src\main\AndroidManifest.xml:104:9-106:20
	android:screenOrientation
		ADDED from src\main\AndroidManifest.xml:105:13-49
	android:name
		ADDED from src\main\AndroidManifest.xml:104:19-71
activity#com.tc.view.LsJpgActivity
ADDED from src\main\AndroidManifest.xml:108:9-111:20
	android:screenOrientation
		ADDED from src\main\AndroidManifest.xml:110:13-49
	android:theme
		ADDED from src\main\AndroidManifest.xml:109:13-47
	android:name
		ADDED from src\main\AndroidManifest.xml:108:19-59
activity#com.tc.view.LsTxtAcitvity
ADDED from src\main\AndroidManifest.xml:113:9-116:20
	android:screenOrientation
		ADDED from src\main\AndroidManifest.xml:115:13-49
	android:theme
		ADDED from src\main\AndroidManifest.xml:114:13-47
	android:name
		ADDED from src\main\AndroidManifest.xml:113:19-59
activity#com.tc.view.LsAmrActivity
ADDED from src\main\AndroidManifest.xml:119:9-122:20
	android:screenOrientation
		ADDED from src\main\AndroidManifest.xml:121:13-49
	android:theme
		ADDED from src\main\AndroidManifest.xml:120:13-47
	android:name
		ADDED from src\main\AndroidManifest.xml:119:19-59
activity#com.tc.view.LsMp4Activity
ADDED from src\main\AndroidManifest.xml:124:9-127:20
	android:screenOrientation
		ADDED from src\main\AndroidManifest.xml:126:13-49
	android:theme
		ADDED from src\main\AndroidManifest.xml:125:13-47
	android:name
		ADDED from src\main\AndroidManifest.xml:124:19-59
activity#com.tc.activity.item.QyQueryActivity
ADDED from src\main\AndroidManifest.xml:129:9-130:61
	android:screenOrientation
		ADDED from src\main\AndroidManifest.xml:130:13-49
	android:name
		ADDED from src\main\AndroidManifest.xml:129:19-70
activity#com.tc.activity.item.GoodsQueryActivity
ADDED from src\main\AndroidManifest.xml:132:9-133:61
	android:screenOrientation
		ADDED from src\main\AndroidManifest.xml:133:13-49
	android:name
		ADDED from src\main\AndroidManifest.xml:132:19-73
activity#com.example.qr_codescan.MipcaActivityCapture
ADDED from src\main\AndroidManifest.xml:135:9-137:20
	android:screenOrientation
		ADDED from src\main\AndroidManifest.xml:136:13-49
	android:name
		ADDED from src\main\AndroidManifest.xml:135:19-78
activity#com.tc.activity.caseinfo.XczfListActivity
ADDED from src\main\AndroidManifest.xml:139:9-141:20
	android:screenOrientation
		ADDED from src\main\AndroidManifest.xml:140:13-49
	android:name
		ADDED from src\main\AndroidManifest.xml:139:19-75
activity#com.tc.activity.caseinfo.XckcBlActivity
ADDED from src\main\AndroidManifest.xml:143:9-145:20
	android:screenOrientation
		ADDED from src\main\AndroidManifest.xml:144:13-49
	android:name
		ADDED from src\main\AndroidManifest.xml:143:19-73
activity#com.tc.activity.caseinfo.XckcXsBrBlActivity
ADDED from src\main\AndroidManifest.xml:147:9-149:20
	android:screenOrientation
		ADDED from src\main\AndroidManifest.xml:148:13-49
	android:name
		ADDED from src\main\AndroidManifest.xml:147:19-77
activity#com.tc.activity.caseinfo.TqhjActivity
ADDED from src\main\AndroidManifest.xml:151:9-153:20
	android:screenOrientation
		ADDED from src\main\AndroidManifest.xml:152:13-49
	android:name
		ADDED from src\main\AndroidManifest.xml:151:19-71
activity#com.tc.activity.SenceCheck
ADDED from src\main\AndroidManifest.xml:155:9-157:20
	android:screenOrientation
		ADDED from src\main\AndroidManifest.xml:156:13-49
	android:name
		ADDED from src\main\AndroidManifest.xml:155:19-60
activity#com.tc.activity.caseinfo.XsajHuaTuActivity
ADDED from src\main\AndroidManifest.xml:159:9-161:20
	android:screenOrientation
		ADDED from src\main\AndroidManifest.xml:160:13-49
	android:name
		ADDED from src\main\AndroidManifest.xml:159:19-76
activity#com.tc.activity.caseinfo.XsajXczpActivity
ADDED from src\main\AndroidManifest.xml:163:9-165:20
	android:screenOrientation
		ADDED from src\main\AndroidManifest.xml:164:13-49
	android:name
		ADDED from src\main\AndroidManifest.xml:163:19-75
activity#com.tc.activity.caseinfo.XsajFxbgActivity
ADDED from src\main\AndroidManifest.xml:166:9-168:16
	android:screenOrientation
		ADDED from src\main\AndroidManifest.xml:167:9-45
	android:name
		ADDED from src\main\AndroidManifest.xml:166:19-75
activity#com.tc.activity.caseinfo.XsajJszjclActivity
ADDED from src\main\AndroidManifest.xml:170:9-172:20
	android:screenOrientation
		ADDED from src\main\AndroidManifest.xml:171:13-49
	android:name
		ADDED from src\main\AndroidManifest.xml:170:19-77
activity#com.tc.activity.caseinfo.XsajDjbcqdActivity
ADDED from src\main\AndroidManifest.xml:174:9-176:20
	android:screenOrientation
		ADDED from src\main\AndroidManifest.xml:175:13-49
	android:name
		ADDED from src\main\AndroidManifest.xml:174:19-77